10:06:40  wsItem <wsdl\homologacao\HCaboSantoAgostinhoPE-RecepcionarLoteRps-TINUS.wsdl.wsdl> nao encontrada na classe URLws em <RecepcionarLoteRps>
10:06:40  wsItem <wsdl\homologacao\HCaboFrioRJ_SuperNova.wsdl> nao encontrada na classe URLws em <RecepcionarLoteRps>
10:06:40  wsItem <wsdl\homologacao\HCaboFrioRJ_SuperNova.wsdl> nao encontrada na classe URLws em <ConsultarSituacaoLoteRps>
10:06:40  wsItem <wsdl\homologacao\HCaboFrioRJ_SuperNova.wsdl> nao encontrada na classe URLws em <ConsultarNfsePorRps>
10:06:40  wsItem <wsdl\homologacao\HCaboFrioRJ_SuperNova.wsdl> nao encontrada na classe URLws em <ConsultarNfse>
10:06:40  wsItem <wsdl\homologacao\HCaboFrioRJ_SuperNova.wsdl> nao encontrada na classe URLws em <ConsultarLoteRps>
10:06:40  wsItem <wsdl\homologacao\HCaboFrioRJ_SuperNova.wsdl> nao encontrada na classe URLws em <CancelarNfse>
10:06:40  wsItem <wsdl\producao\PCaboFrioRJ_SuperNova.wsdl> nao encontrada na classe URLws em <RecepcionarLoteRps>
10:06:40  wsItem <wsdl\producao\PCaboFrioRJ_SuperNova.wsdl> nao encontrada na classe URLws em <ConsultarSituacaoLoteRps>
10:06:40  wsItem <wsdl\producao\PCaboFrioRJ_SuperNova.wsdl> nao encontrada na classe URLws em <ConsultarNfsePorRps>
10:06:40  wsItem <wsdl\producao\PCaboFrioRJ_SuperNova.wsdl> nao encontrada na classe URLws em <ConsultarNfse>
10:06:40  wsItem <wsdl\producao\PCaboFrioRJ_SuperNova.wsdl> nao encontrada na classe URLws em <ConsultarLoteRps>
10:06:40  wsItem <wsdl\producao\PCaboFrioRJ_SuperNova.wsdl> nao encontrada na classe URLws em <CancelarNfse>
11:30:40  wsItem <wsdl\homologacao\HCaboSantoAgostinhoPE-RecepcionarLoteRps-TINUS.wsdl.wsdl> nao encontrada na classe URLws em <RecepcionarLoteRps>
11:30:40  wsItem <wsdl\homologacao\HCaboFrioRJ_SuperNova.wsdl> nao encontrada na classe URLws em <RecepcionarLoteRps>
11:30:40  wsItem <wsdl\homologacao\HCaboFrioRJ_SuperNova.wsdl> nao encontrada na classe URLws em <ConsultarSituacaoLoteRps>
11:30:40  wsItem <wsdl\homologacao\HCaboFrioRJ_SuperNova.wsdl> nao encontrada na classe URLws em <ConsultarNfsePorRps>
11:30:40  wsItem <wsdl\homologacao\HCaboFrioRJ_SuperNova.wsdl> nao encontrada na classe URLws em <ConsultarNfse>
11:30:40  wsItem <wsdl\homologacao\HCaboFrioRJ_SuperNova.wsdl> nao encontrada na classe URLws em <ConsultarLoteRps>
11:30:40  wsItem <wsdl\homologacao\HCaboFrioRJ_SuperNova.wsdl> nao encontrada na classe URLws em <CancelarNfse>
11:30:40  wsItem <wsdl\producao\PCaboFrioRJ_SuperNova.wsdl> nao encontrada na classe URLws em <RecepcionarLoteRps>
11:30:40  wsItem <wsdl\producao\PCaboFrioRJ_SuperNova.wsdl> nao encontrada na classe URLws em <ConsultarSituacaoLoteRps>
11:30:40  wsItem <wsdl\producao\PCaboFrioRJ_SuperNova.wsdl> nao encontrada na classe URLws em <ConsultarNfsePorRps>
11:30:40  wsItem <wsdl\producao\PCaboFrioRJ_SuperNova.wsdl> nao encontrada na classe URLws em <ConsultarNfse>
11:30:40  wsItem <wsdl\producao\PCaboFrioRJ_SuperNova.wsdl> nao encontrada na classe URLws em <ConsultarLoteRps>
11:30:40  wsItem <wsdl\producao\PCaboFrioRJ_SuperNova.wsdl> nao encontrada na classe URLws em <CancelarNfse>
11:33:34  wsItem <wsdl\homologacao\HCaboSantoAgostinhoPE-RecepcionarLoteRps-TINUS.wsdl.wsdl> nao encontrada na classe URLws em <RecepcionarLoteRps>
12:15:53  wsItem <wsdl\homologacao\HCaboSantoAgostinhoPE-RecepcionarLoteRps-TINUS.wsdl.wsdl> nao encontrada na classe URLws em <RecepcionarLoteRps>
15:17:29  wsItem <wsdl\homologacao\HCaboSantoAgostinhoPE-RecepcionarLoteRps-TINUS.wsdl.wsdl> nao encontrada na classe URLws em <RecepcionarLoteRps>
15:18:48  wsItem <wsdl\homologacao\HCaboSantoAgostinhoPE-RecepcionarLoteRps-TINUS.wsdl.wsdl> nao encontrada na classe URLws em <RecepcionarLoteRps>
