10:48:51  O arquivo C:\Unimake\UniNFe\18179056000110\nfse\Envio\Temp\14-env-loterps.xml iniciou o processamento (Data criação: 02/10/2018 10:48:50)
10:48:53  O arquivo C:\Unimake\UniNFe\18179056000110\nfse\Envio\Temp\14-env-loterps.xml foi movido para C:\Unimake\UniNFe\18179056000110\nfse\Erro\14-env-loterps.xml
STACK TRACE:
   em System.Environment.GetStackTrace(Exception e, Boolean needFileInfo)
   em System.Environment.get_StackTrace()
   em NFe.Components.Functions.WriteLog(String msg, Boolean gravarStackTrace, Boolean geraLog, String CNPJEmpresa) na C:\UniNfe_Producao\trunk\fontes\NFe.Components\Functions.cs:linha 874
   em NFe.Settings.Auxiliar.WriteLog(String msg, Boolean gravarStackTrace) na C:\UniNfe_Producao\trunk\fontes\NFe.Settings\Auxiliar.cs:linha 68
   em NFe.Service.TFunctions.MoveArqErro(String Arquivo, String ExtensaoArq) na C:\UniNfe_Producao\trunk\fontes\NFe.Service\TFunctions.cs:linha 187
   em NFe.Service.TFunctions.MoveArqErro(String Arquivo) na C:\UniNfe_Producao\trunk\fontes\NFe.Service\TFunctions.cs:linha 160
   em NFe.Service.TFunctions.GravarArqErroServico(String arquivo, String finalArqEnvio, String finalArqErro, Exception exception, ErroPadrao erroPadrao, Boolean moveArqErro, String nomeArqRetorno) na C:\UniNfe_Producao\trunk\fontes\NFe.Service\TFunctions.cs:linha 87
   em NFe.Service.TFunctions.GravarArqErroServico(String arquivo, String finalArqEnvio, String finalArqErro, Exception exception) na C:\UniNfe_Producao\trunk\fontes\NFe.Service\TFunctions.cs:linha 27
   em NFe.Service.NFSe.TaskNFSeRecepcionarLoteRps.Execute() na C:\UniNfe_Producao\trunk\fontes\NFe.Service\NFSe\TaskRecepcionarLoteRps.cs:linha 752
   em System.RuntimeMethodHandle.InvokeMethod(Object target, Object[] arguments, Signature sig, Boolean constructor)
   em System.Reflection.RuntimeMethodInfo.UnsafeInvokeInternal(Object obj, Object[] parameters, Object[] arguments)
   em System.Reflection.RuntimeMethodInfo.Invoke(Object obj, BindingFlags invokeAttr, Binder binder, Object[] parameters, CultureInfo culture)
   em System.RuntimeType.InvokeMember(String name, BindingFlags bindingFlags, Binder binder, Object target, Object[] providedArgs, ParameterModifier[] modifiers, CultureInfo culture, String[] namedParams)
   em System.Type.InvokeMember(String name, BindingFlags invokeAttr, Binder binder, Object target, Object[] args)
   em NFe.Service.Processar.EnviarArquivo(Int32 emp, String arquivo, Object nfe, String metodo) na C:\UniNfe_Producao\trunk\fontes\NFe.Service\Processar.cs:linha 1501
   em NFe.Service.Processar.DirecionarArquivo(Int32 emp, Boolean veCertificado, Boolean veConexao, String arquivo, Object taskClass) na C:\UniNfe_Producao\trunk\fontes\NFe.Service\Processar.cs:linha 1414
   em NFe.Service.Processar.ProcessaArquivo(Int32 emp, String arquivo) na C:\UniNfe_Producao\trunk\fontes\NFe.Service\Processar.cs:linha 85
   em NFe.Threadings.ThreadControlEvents.Processar(ThreadItem item) na C:\UniNfe_Producao\trunk\fontes\NFe.Threadings\ThreadControlEvents.cs:linha 45
   em NFe.Threadings.ThreadControlEvents.ThreadItem_OnStarted(ThreadItem item) na C:\UniNfe_Producao\trunk\fontes\NFe.Threadings\ThreadControlEvents.cs:linha 32
   em NFe.Threadings.ThreadItem.Processar(ThreadItem item) na C:\UniNfe_Producao\trunk\fontes\NFe.Threadings\ThreadControl.cs:linha 309
   em NFe.Threadings.ThreadItem.Run() na C:\UniNfe_Producao\trunk\fontes\NFe.Threadings\ThreadControl.cs:linha 291
   em NFe.Threadings.MonitoraPasta.fsw_OnFileChanged(FileInfo fi) na C:\UniNfe_Producao\trunk\fontes\NFe.Threadings\MonitoraPasta.cs:linha 313
   em NFe.Threadings.FileSystemWatcher.<>c__DisplayClass24_0.<RaiseFileChanged>b__0() na C:\UniNfe_Producao\trunk\fontes\NFe.Threadings\FileSystemWatcher.cs:linha 189
   em System.Threading.ExecutionContext.RunInternal(ExecutionContext executionContext, ContextCallback callback, Object state, Boolean preserveSyncCtx)
   em System.Threading.ExecutionContext.Run(ExecutionContext executionContext, ContextCallback callback, Object state, Boolean preserveSyncCtx)
   em System.Threading.ExecutionContext.Run(ExecutionContext executionContext, ContextCallback callback, Object state)
   em System.Threading.ThreadHelper.ThreadStart()
10:48:53  Versão|5.1.0.38
ErrorCode|0000000000
Message|A tag de assinatura InfDeclaracaoPrestacaoServico não existe no XML. (Código do Erro: 4)
StackTrace|   em NFe.Certificado.AssinaturaDigital.Assinar(XmlDocument conteudoXML, String tagAssinatura, String tagAtributoId, X509Certificate2 x509Cert, Int32 empresa, AlgorithmType algorithmType, Boolean comURI) na C:\UniNfe_Producao\trunk\fontes\NFe.Certificado\AssinaturaDigital.cs:linha 264
   em NFe.Certificado.AssinaturaDigital.Assinar(String arqXMLAssinar, String tagAssinatura, String tagAtributoId, X509Certificate2 x509Cert, Int32 empresa, AlgorithmType algorithmType, Boolean comURI) na C:\UniNfe_Producao\trunk\fontes\NFe.Certificado\AssinaturaDigital.cs:linha 59
   em NFe.Certificado.AssinaturaDigital.Assinar(String arqXMLAssinar, Int32 emp, Int32 UFCod, AlgorithmType algorithmType, Boolean comURI) na C:\UniNfe_Producao\trunk\fontes\NFe.Certificado\AssinaturaDigital.cs:linha 316
   em NFe.Service.NFSe.TaskNFSeRecepcionarLoteRps.Execute() na C:\UniNfe_Producao\trunk\fontes\NFe.Service\NFSe\TaskRecepcionarLoteRps.cs:linha 752
Source|NFe.Certificado
Type|System.Exception
TargetSite|Void Assinar(System.Xml.XmlDocument, System.String, System.String, System.Security.Cryptography.X509Certificates.X509Certificate2, Int32, NFe.Certificado.AlgorithmType, Boolean)
HashCode|16388703
STACK TRACE:
   em System.Environment.GetStackTrace(Exception e, Boolean needFileInfo)
   em System.Environment.get_StackTrace()
   em NFe.Components.Functions.WriteLog(String msg, Boolean gravarStackTrace, Boolean geraLog, String CNPJEmpresa) na C:\UniNfe_Producao\trunk\fontes\NFe.Components\Functions.cs:linha 874
   em NFe.Settings.Auxiliar.WriteLog(String msg, Boolean gravarStackTrace) na C:\UniNfe_Producao\trunk\fontes\NFe.Settings\Auxiliar.cs:linha 68
   em NFe.Service.TFunctions.GravarArqErroServico(String arquivo, String finalArqEnvio, String finalArqErro, Exception exception, ErroPadrao erroPadrao, Boolean moveArqErro, String nomeArqRetorno) na C:\UniNfe_Producao\trunk\fontes\NFe.Service\TFunctions.cs:linha 102
   em NFe.Service.TFunctions.GravarArqErroServico(String arquivo, String finalArqEnvio, String finalArqErro, Exception exception) na C:\UniNfe_Producao\trunk\fontes\NFe.Service\TFunctions.cs:linha 27
   em NFe.Service.NFSe.TaskNFSeRecepcionarLoteRps.Execute() na C:\UniNfe_Producao\trunk\fontes\NFe.Service\NFSe\TaskRecepcionarLoteRps.cs:linha 752
   em System.RuntimeMethodHandle.InvokeMethod(Object target, Object[] arguments, Signature sig, Boolean constructor)
   em System.Reflection.RuntimeMethodInfo.UnsafeInvokeInternal(Object obj, Object[] parameters, Object[] arguments)
   em System.Reflection.RuntimeMethodInfo.Invoke(Object obj, BindingFlags invokeAttr, Binder binder, Object[] parameters, CultureInfo culture)
   em System.RuntimeType.InvokeMember(String name, BindingFlags bindingFlags, Binder binder, Object target, Object[] providedArgs, ParameterModifier[] modifiers, CultureInfo culture, String[] namedParams)
   em System.Type.InvokeMember(String name, BindingFlags invokeAttr, Binder binder, Object target, Object[] args)
   em NFe.Service.Processar.EnviarArquivo(Int32 emp, String arquivo, Object nfe, String metodo) na C:\UniNfe_Producao\trunk\fontes\NFe.Service\Processar.cs:linha 1501
   em NFe.Service.Processar.DirecionarArquivo(Int32 emp, Boolean veCertificado, Boolean veConexao, String arquivo, Object taskClass) na C:\UniNfe_Producao\trunk\fontes\NFe.Service\Processar.cs:linha 1414
   em NFe.Service.Processar.ProcessaArquivo(Int32 emp, String arquivo) na C:\UniNfe_Producao\trunk\fontes\NFe.Service\Processar.cs:linha 85
   em NFe.Threadings.ThreadControlEvents.Processar(ThreadItem item) na C:\UniNfe_Producao\trunk\fontes\NFe.Threadings\ThreadControlEvents.cs:linha 45
   em NFe.Threadings.ThreadControlEvents.ThreadItem_OnStarted(ThreadItem item) na C:\UniNfe_Producao\trunk\fontes\NFe.Threadings\ThreadControlEvents.cs:linha 32
   em NFe.Threadings.ThreadItem.Processar(ThreadItem item) na C:\UniNfe_Producao\trunk\fontes\NFe.Threadings\ThreadControl.cs:linha 309
   em NFe.Threadings.ThreadItem.Run() na C:\UniNfe_Producao\trunk\fontes\NFe.Threadings\ThreadControl.cs:linha 291
   em NFe.Threadings.MonitoraPasta.fsw_OnFileChanged(FileInfo fi) na C:\UniNfe_Producao\trunk\fontes\NFe.Threadings\MonitoraPasta.cs:linha 313
   em NFe.Threadings.FileSystemWatcher.<>c__DisplayClass24_0.<RaiseFileChanged>b__0() na C:\UniNfe_Producao\trunk\fontes\NFe.Threadings\FileSystemWatcher.cs:linha 189
   em System.Threading.ExecutionContext.RunInternal(ExecutionContext executionContext, ContextCallback callback, Object state, Boolean preserveSyncCtx)
   em System.Threading.ExecutionContext.Run(ExecutionContext executionContext, ContextCallback callback, Object state, Boolean preserveSyncCtx)
   em System.Threading.ExecutionContext.Run(ExecutionContext executionContext, ContextCallback callback, Object state)
   em System.Threading.ThreadHelper.ThreadStart()
10:48:53  O arquivo C:\Unimake\UniNFe\18179056000110\nfse\Envio\Temp\14-env-loterps.xml finalizou o processamento. Itens disponiveis no Semaforo (9). (Data criação: 02/10/2018 10:48:50)
10:48:53  O arquivo C:\Unimake\UniNFe\18179056000110\nfse\Envio\Temp\14-env-loterps.xml foi descarregado da lista de processamento (Data criação: 02/10/2018 10:48:50)
