14:47:32  wsItem <WSDL\Producao\PCamboriuSC-SIMPLE.wsdl> nao encontrada na classe URLws em <RecepcionarLoteRps>
14:47:32  wsItem <WSDL\Producao\PCamboriuSC-SIMPLE.wsdl> nao encontrada na classe URLws em <ConsultarSituacaoLoteRps>
14:47:34  wsItem <WSDL\Producao\PCamboriuSC-SIMPLE.wsdl> nao encontrada na classe URLws em <ConsultarNfsePorRps>
14:47:34  wsItem <WSDL\Producao\PCamboriuSC-SIMPLE.wsdl> nao encontrada na classe URLws em <ConsultarNfse>
14:47:34  wsItem <WSDL\Producao\PCamboriuSC-SIMPLE.wsdl> nao encontrada na classe URLws em <ConsultarLoteRps>
14:47:34  wsItem <WSDL\Producao\PCamboriuSC-SIMPLE.wsdl> nao encontrada na classe URLws em <CancelarNfse>
15:55:29  wsItem <WSDL\Producao\PCamboriuSC-SIMPLE.wsdl> nao encontrada na classe URLws em <RecepcionarLoteRps>
15:55:29  wsItem <WSDL\Producao\PCamboriuSC-SIMPLE.wsdl> nao encontrada na classe URLws em <ConsultarSituacaoLoteRps>
15:55:29  wsItem <WSDL\Producao\PCamboriuSC-SIMPLE.wsdl> nao encontrada na classe URLws em <ConsultarNfsePorRps>
15:55:29  wsItem <WSDL\Producao\PCamboriuSC-SIMPLE.wsdl> nao encontrada na classe URLws em <ConsultarNfse>
15:55:29  wsItem <WSDL\Producao\PCamboriuSC-SIMPLE.wsdl> nao encontrada na classe URLws em <ConsultarLoteRps>
15:55:29  wsItem <WSDL\Producao\PCamboriuSC-SIMPLE.wsdl> nao encontrada na classe URLws em <CancelarNfse>
16:22:50  wsItem <WSDL\Producao\PCamboriuSC-SIMPLE.wsdl> nao encontrada na classe URLws em <RecepcionarLoteRps>
16:22:50  wsItem <WSDL\Producao\PCamboriuSC-SIMPLE.wsdl> nao encontrada na classe URLws em <ConsultarSituacaoLoteRps>
16:22:50  wsItem <WSDL\Producao\PCamboriuSC-SIMPLE.wsdl> nao encontrada na classe URLws em <ConsultarNfsePorRps>
16:22:50  wsItem <WSDL\Producao\PCamboriuSC-SIMPLE.wsdl> nao encontrada na classe URLws em <ConsultarNfse>
16:22:50  wsItem <WSDL\Producao\PCamboriuSC-SIMPLE.wsdl> nao encontrada na classe URLws em <ConsultarLoteRps>
16:22:50  wsItem <WSDL\Producao\PCamboriuSC-SIMPLE.wsdl> nao encontrada na classe URLws em <CancelarNfse>
16:24:59  wsItem <WSDL\Producao\PCamboriuSC-SIMPLE.wsdl> nao encontrada na classe URLws em <RecepcionarLoteRps>
16:24:59  wsItem <WSDL\Producao\PCamboriuSC-SIMPLE.wsdl> nao encontrada na classe URLws em <ConsultarSituacaoLoteRps>
16:24:59  wsItem <WSDL\Producao\PCamboriuSC-SIMPLE.wsdl> nao encontrada na classe URLws em <ConsultarNfsePorRps>
16:24:59  wsItem <WSDL\Producao\PCamboriuSC-SIMPLE.wsdl> nao encontrada na classe URLws em <ConsultarNfse>
16:24:59  wsItem <WSDL\Producao\PCamboriuSC-SIMPLE.wsdl> nao encontrada na classe URLws em <ConsultarLoteRps>
16:24:59  wsItem <WSDL\Producao\PCamboriuSC-SIMPLE.wsdl> nao encontrada na classe URLws em <CancelarNfse>
16:34:03  wsItem <WSDL\Producao\PCamboriuSC-SIMPLE.wsdl> nao encontrada na classe URLws em <RecepcionarLoteRps>
16:34:03  wsItem <WSDL\Producao\PCamboriuSC-SIMPLE.wsdl> nao encontrada na classe URLws em <ConsultarSituacaoLoteRps>
16:34:03  wsItem <WSDL\Producao\PCamboriuSC-SIMPLE.wsdl> nao encontrada na classe URLws em <ConsultarNfsePorRps>
16:34:03  wsItem <WSDL\Producao\PCamboriuSC-SIMPLE.wsdl> nao encontrada na classe URLws em <ConsultarNfse>
16:34:03  wsItem <WSDL\Producao\PCamboriuSC-SIMPLE.wsdl> nao encontrada na classe URLws em <ConsultarLoteRps>
16:34:03  wsItem <WSDL\Producao\PCamboriuSC-SIMPLE.wsdl> nao encontrada na classe URLws em <CancelarNfse>
16:51:39  wsItem <WSDL\Producao\PCamboriuSC-SIMPLE.wsdl> nao encontrada na classe URLws em <RecepcionarLoteRps>
16:51:39  wsItem <WSDL\Producao\PCamboriuSC-SIMPLE.wsdl> nao encontrada na classe URLws em <ConsultarSituacaoLoteRps>
16:51:39  wsItem <WSDL\Producao\PCamboriuSC-SIMPLE.wsdl> nao encontrada na classe URLws em <ConsultarNfsePorRps>
16:51:39  wsItem <WSDL\Producao\PCamboriuSC-SIMPLE.wsdl> nao encontrada na classe URLws em <ConsultarNfse>
16:51:39  wsItem <WSDL\Producao\PCamboriuSC-SIMPLE.wsdl> nao encontrada na classe URLws em <ConsultarLoteRps>
16:51:39  wsItem <WSDL\Producao\PCamboriuSC-SIMPLE.wsdl> nao encontrada na classe URLws em <CancelarNfse>
17:25:01  wsItem <WSDL\Producao\PCamboriuSC-SIMPLE.wsdl> nao encontrada na classe URLws em <RecepcionarLoteRps>
17:25:01  wsItem <WSDL\Producao\PCamboriuSC-SIMPLE.wsdl> nao encontrada na classe URLws em <ConsultarSituacaoLoteRps>
17:25:01  wsItem <WSDL\Producao\PCamboriuSC-SIMPLE.wsdl> nao encontrada na classe URLws em <ConsultarNfsePorRps>
17:25:01  wsItem <WSDL\Producao\PCamboriuSC-SIMPLE.wsdl> nao encontrada na classe URLws em <ConsultarNfse>
17:25:01  wsItem <WSDL\Producao\PCamboriuSC-SIMPLE.wsdl> nao encontrada na classe URLws em <ConsultarLoteRps>
17:25:01  wsItem <WSDL\Producao\PCamboriuSC-SIMPLE.wsdl> nao encontrada na classe URLws em <CancelarNfse>
17:27:41  wsItem <WSDL\Producao\PCamboriuSC-SIMPLE.wsdl> nao encontrada na classe URLws em <RecepcionarLoteRps>
17:27:41  wsItem <WSDL\Producao\PCamboriuSC-SIMPLE.wsdl> nao encontrada na classe URLws em <ConsultarSituacaoLoteRps>
17:27:41  wsItem <WSDL\Producao\PCamboriuSC-SIMPLE.wsdl> nao encontrada na classe URLws em <ConsultarNfsePorRps>
17:27:41  wsItem <WSDL\Producao\PCamboriuSC-SIMPLE.wsdl> nao encontrada na classe URLws em <ConsultarNfse>
17:27:41  wsItem <WSDL\Producao\PCamboriuSC-SIMPLE.wsdl> nao encontrada na classe URLws em <ConsultarLoteRps>
17:27:41  wsItem <WSDL\Producao\PCamboriuSC-SIMPLE.wsdl> nao encontrada na classe URLws em <CancelarNfse>
